================================================================
======== Log Rotated - 11/1/2025, 12:00:00 AM                   
================================================================
[12:13:00 AM] txAdmin: Logger started
[12:13:17 AM] [R9Qmd#1] Ryan Milano: joined with identifiers [license:f276…bc2d, xbl:2535…3896, live:1055…2455, discord:7954…1838, fivem:5469982, license2:f2c0…65e9]
[12:13:23 AM] [R9Qmd#1] Ryan Milano: disconnected (Exiting)
[12:17:30 AM] txAdmin: Logger started
[12:17:46 AM] [LbDYT#1] Ryan Milano: joined with identifiers [license:f276…bc2d, xbl:2535…3896, live:1055…2455, discord:7954…1838, fivem:5469982, license2:f2c0…65e9]
[12:17:54 AM] [LbDYT#1] Ryan Milano: disconnected (Exiting)
[12:20:09 AM] txAdmin: Logger started
[12:20:19 AM] [wETyr#1] Ryan Milano: joined with identifiers [license:f276…bc2d, xbl:2535…3896, live:1055…2455, discord:7954…1838, fivem:5469982, license2:f2c0…65e9]
[12:21:45 AM] [wETyr#1] Ryan Milano: disconnected (Server->client connection timed out. Last seen 91 msec ago.)
[12:24:07 AM] [wETyr#2] Ryan Milano: joined with identifiers [license:f276…bc2d, xbl:2535…3896, live:1055…2455, discord:7954…1838, fivem:5469982, license2:f2c0…65e9]
[12:55:03 AM] [wETyr#2] Ryan Milano: disconnected (Exiting)
[12:58:40 AM] txAdmin: Logger started
[12:58:58 AM] [TN44w#1] Ryan Milano: joined with identifiers [license:f276…bc2d, xbl:2535…3896, live:1055…2455, discord:7954…1838, fivem:5469982, license2:f2c0…65e9]
[12:59:04 AM] [TN44w#1] Ryan Milano: disconnected (Exiting)
[1:25:32 AM] txAdmin: Logger started
[1:30:15 AM] txAdmin: Logger started
[1:30:34 AM] [KKWcC#1] Ryan Milano: joined with identifiers [license:f276…bc2d, xbl:2535…3896, live:1055…2455, discord:7954…1838, fivem:5469982, license2:f2c0…65e9]
[1:30:38 AM] [KKWcC#1] Ryan Milano: disconnected (Exiting)
[11:25:15 AM] [KKWcC#2] Blazer: joined with identifiers [license:f625…7cbe, discord:9077…0047, fivem:4935569, license2:e54e…a84f]
[11:26:15 AM] [KKWcC#2] Blazer: enabled noclip
[11:26:16 AM] [KKWcC#2] Blazer: became mortal (standard mode)
[11:26:37 AM] [KKWcC#2] Blazer: enabled noclip
[11:27:33 AM] [KKWcC#2] Blazer: became mortal (standard mode)
[11:28:46 AM] [KKWcC#2] Blazer: enabled noclip
[11:29:00 AM] [KKWcC#2] Blazer: became mortal (standard mode)
[11:30:10 AM] [KKWcC#2] Blazer: enabled noclip
[11:30:22 AM] [KKWcC#2] Blazer: became mortal (standard mode)
[11:46:25 AM] [KKWcC#2] Blazer: enabled noclip
[11:46:51 AM] [KKWcC#2] Blazer: became mortal (standard mode)
[12:51:08 PM] [KKWcC#2] Blazer: died from suicide (Falling)
[1:11:56 PM] [KKWcC#2] Blazer: enabled noclip
[1:12:40 PM] [KKWcC#2] Blazer: became mortal (standard mode)
[1:13:41 PM] [KKWcC#2] Blazer: enabled noclip
[1:13:45 PM] [KKWcC#2] Blazer: became mortal (standard mode)
[1:13:50 PM] [KKWcC#2] Blazer: enabled noclip
[1:14:11 PM] [KKWcC#2] Blazer: became mortal (standard mode)
[1:26:06 PM] [KKWcC#2] Blazer: enabled noclip
[1:26:08 PM] [KKWcC#2] Blazer: became mortal (standard mode)
[1:26:11 PM] [KKWcC#2] Blazer: enabled noclip
[1:26:19 PM] [KKWcC#2] Blazer: became mortal (standard mode)
[1:31:16 PM] [KKWcC#2] Blazer: enabled noclip
[1:31:21 PM] [KKWcC#2] Blazer: became mortal (standard mode)
[1:31:27 PM] [KKWcC#2] Blazer: repaired their vehicle
[1:34:10 PM] [KKWcC#2] Blazer: repaired their vehicle
[1:36:09 PM] [KKWcC#2] Blazer: repaired their vehicle
[1:36:19 PM] [KKWcC#2] Blazer: boosted their vehicle
[1:36:54 PM] [KKWcC#2] Blazer: enabled noclip
[1:37:29 PM] [KKWcC#2] Blazer: became mortal (standard mode)
[1:39:46 PM] [KKWcC#2] Blazer: spawned a vehicle (model: rrcoquette6r)
[1:40:07 PM] [KKWcC#2] Blazer: repaired their vehicle
[1:42:13 PM] [KKWcC#2] Blazer: repaired their vehicle
[1:42:52 PM] [KKWcC#2] Blazer: deleted a vehicle
[1:43:15 PM] [KKWcC#2] Blazer: spawned a vehicle (model: rrdominators197)
[1:44:02 PM] [KKWcC#2] Blazer: deleted a vehicle
[1:44:54 PM] [KKWcC#2] Blazer: spawned a vehicle (model: gstsug1)
[1:48:27 PM] [KKWcC#2] Blazer: deleted a vehicle
[1:56:02 PM] txAdmin: ((Broadcast) zap1339023): said "Learn to drive hippie"
[2:18:34 PM] [KKWcC#3] Ryan Milano: joined with identifiers [license:f276…bc2d, xbl:2535…3896, live:1055…2455, discord:7954…1838, fivem:5469982, license2:f2c0…65e9]
[2:19:42 PM] [KKWcC#3] Ryan Milano: enabled noclip
[2:19:47 PM] [KKWcC#3] Ryan Milano: became mortal (standard mode)
[2:23:43 PM] [KKWcC#3] Ryan Milano: said "/uncuff"
[2:28:42 PM] [KKWcC#3] Ryan Milano: enabled noclip
[2:29:52 PM] [KKWcC#3] Ryan Milano: became mortal (standard mode)
[2:30:34 PM] [KKWcC#3] Ryan Milano: summoned player [#2] Blazer
[2:30:45 PM] [KKWcC#3] Ryan Milano: said "/carry"
[2:30:59 PM] [KKWcC#3] Ryan Milano: triggered wild attack on [#2] Blazer
[2:31:26 PM] [KKWcC#3] Ryan Milano: triggered wild attack on [#2] Blazer
[2:31:26 PM] [KKWcC#3] Ryan Milano: triggered wild attack on [#2] Blazer
[2:31:26 PM] [KKWcC#3] Ryan Milano: triggered wild attack on [#2] Blazer
[2:31:27 PM] [KKWcC#3] Ryan Milano: triggered wild attack on [#2] Blazer
[2:31:28 PM] [KKWcC#3] Ryan Milano: triggered wild attack on [#2] Blazer
[2:31:28 PM] [KKWcC#3] Ryan Milano: triggered wild attack on [#2] Blazer
[2:31:28 PM] [KKWcC#3] Ryan Milano: triggered wild attack on [#2] Blazer
[2:31:28 PM] [KKWcC#3] Ryan Milano: triggered wild attack on [#2] Blazer
[2:31:28 PM] [KKWcC#3] Ryan Milano: triggered wild attack on [#2] Blazer
[2:31:28 PM] [KKWcC#3] Ryan Milano: triggered wild attack on [#2] Blazer
[2:31:29 PM] [KKWcC#3] Ryan Milano: triggered wild attack on [#2] Blazer
[2:31:29 PM] [KKWcC#3] Ryan Milano: triggered wild attack on [#2] Blazer
[2:31:29 PM] [KKWcC#3] Ryan Milano: triggered wild attack on [#2] Blazer
[2:31:29 PM] [KKWcC#3] Ryan Milano: triggered wild attack on [#2] Blazer
[2:31:29 PM] [KKWcC#3] Ryan Milano: triggered wild attack on [#2] Blazer
[2:31:29 PM] [KKWcC#3] Ryan Milano: triggered wild attack on [#2] Blazer
[2:31:29 PM] [KKWcC#3] Ryan Milano: triggered wild attack on [#2] Blazer
[2:31:31 PM] [KKWcC#3] Ryan Milano: triggered wild attack on [#2] Blazer
[2:31:31 PM] [KKWcC#3] Ryan Milano: triggered wild attack on [#2] Blazer
[2:31:31 PM] [KKWcC#3] Ryan Milano: triggered wild attack on [#2] Blazer
[2:31:31 PM] [KKWcC#3] Ryan Milano: triggered wild attack on [#2] Blazer
[2:31:31 PM] [KKWcC#3] Ryan Milano: triggered wild attack on [#2] Blazer
[2:31:31 PM] [KKWcC#3] Ryan Milano: triggered wild attack on [#2] Blazer
[2:31:31 PM] [KKWcC#3] Ryan Milano: triggered wild attack on [#2] Blazer
[2:31:32 PM] [KKWcC#3] Ryan Milano: triggered wild attack on [#2] Blazer
[2:31:32 PM] [KKWcC#3] Ryan Milano: triggered wild attack on [#2] Blazer
[2:31:32 PM] [KKWcC#3] Ryan Milano: triggered wild attack on [#2] Blazer
[2:31:32 PM] [KKWcC#3] Ryan Milano: triggered wild attack on [#2] Blazer
[2:31:32 PM] [KKWcC#3] Ryan Milano: triggered wild attack on [#2] Blazer
[2:31:33 PM] [KKWcC#3] Ryan Milano: triggered wild attack on [#2] Blazer
[2:31:33 PM] [KKWcC#3] Ryan Milano: triggered wild attack on [#2] Blazer
[2:31:33 PM] [KKWcC#3] Ryan Milano: triggered wild attack on [#2] Blazer
[2:31:33 PM] [KKWcC#3] Ryan Milano: triggered wild attack on [#2] Blazer
[2:31:33 PM] [KKWcC#3] Ryan Milano: triggered wild attack on [#2] Blazer
[2:31:33 PM] [KKWcC#3] Ryan Milano: triggered wild attack on [#2] Blazer
[2:31:33 PM] [KKWcC#3] Ryan Milano: triggered wild attack on [#2] Blazer
[2:31:34 PM] [KKWcC#3] Ryan Milano: triggered wild attack on [#2] Blazer
[2:31:34 PM] [KKWcC#3] Ryan Milano: triggered wild attack on [#2] Blazer
[2:31:43 PM] [KKWcC#3] Ryan Milano: enabled noclip
[2:32:39 PM] [KKWcC#3] Ryan Milano: became mortal (standard mode)
[2:33:07 PM] [KKWcC#3] Ryan Milano: spawned a vehicle (model: gstsadlt1)
[2:34:02 PM] [KKWcC#3] Ryan Milano: spawned a vehicle (model: gstsug1)
[2:45:39 PM] [KKWcC#3] Ryan Milano: disconnected (Exiting)
[3:00:28 PM] [KKWcC#4] Ryan Milano: joined with identifiers [license:f276…bc2d, xbl:2535…3896, live:1055…2455, discord:7954…1838, fivem:5469982, license2:f2c0…65e9]
[3:01:07 PM] [KKWcC#4] Ryan Milano: enabled noclip
[3:01:09 PM] [KKWcC#4] Ryan Milano: became mortal (standard mode)
[3:01:12 PM] [KKWcC#2] Blazer: died from suicide
[3:06:33 PM] [KKWcC#4] Ryan Milano: spawned a vehicle (model: gstsug1)
[3:06:46 PM] [KKWcC#4] Ryan Milano: said "/addkey 2"
[3:07:45 PM] [KKWcC#4] Ryan Milano: spawned a vehicle (model: rrdominators197)
[3:07:58 PM] [KKWcC#4] Ryan Milano: spawned a vehicle (model: rrdominators197)
[3:08:17 PM] [KKWcC#4] Ryan Milano: repaired their vehicle
[3:13:39 PM] [KKWcC#4] Ryan Milano: spawned a vehicle (model: rrcoquette6r)
[3:16:17 PM] [KKWcC#4] Ryan Milano: enabled noclip
[3:16:22 PM] [KKWcC#4] Ryan Milano: became mortal (standard mode)
[3:16:28 PM] [KKWcC#4] Ryan Milano: boosted their vehicle
[3:16:31 PM] [KKWcC#4] Ryan Milano: repaired their vehicle
[3:17:33 PM] [KKWcC#4] Ryan Milano: enabled noclip
[3:17:39 PM] [KKWcC#4] Ryan Milano: became mortal (standard mode)
[3:17:42 PM] [KKWcC#4] Ryan Milano: boosted their vehicle
[3:17:49 PM] [KKWcC#4] Ryan Milano: repaired their vehicle
[3:18:21 PM] [KKWcC#4] Ryan Milano: repaired their vehicle
[3:19:11 PM] [KKWcC#4] Ryan Milano: enabled noclip
[3:19:21 PM] [KKWcC#4] Ryan Milano: became mortal (standard mode)
[3:19:26 PM] [KKWcC#4] Ryan Milano: repaired their vehicle
[3:19:49 PM] [KKWcC#4] Ryan Milano: enabled noclip
[3:21:02 PM] [KKWcC#4] Ryan Milano: became mortal (standard mode)
[3:27:10 PM] [KKWcC#4] Ryan Milano: disconnected (Exiting)
[3:49:03 PM] [KKWcC#2] Blazer: disconnected (Exiting)
================================================================
======== txAdmin v8.0.1 atop fxserver 21703 Starting - 11/1/2025, 3:52:36 PM
================================================================
[3:52:44 PM] txAdmin: Logger started
[4:02:49 PM] [ihJaH#1] Ryan Milano: joined with identifiers [license:f276…bc2d, xbl:2535…3896, live:1055…2455, discord:7954…1838, fivem:5469982, license2:f2c0…65e9]
[4:15:10 PM] [ihJaH#1] Ryan Milano: disconnected (Exiting)
[5:32:08 PM] [ihJaH#2] Ryan Milano: joined with identifiers [license:f276…bc2d, xbl:2535…3896, live:1055…2455, discord:7954…1838, fivem:5469982, license2:f2c0…65e9]
[5:32:45 PM] [ihJaH#2] Ryan Milano: enabled noclip
[5:32:48 PM] [ihJaH#2] Ryan Milano: became mortal (standard mode)
[5:32:57 PM] [ihJaH#2] Ryan Milano: said "/vinewood"
[5:33:01 PM] [ihJaH#2] Ryan Milano: disconnected (Exiting)
[5:37:57 PM] [ihJaH#3] Ryan Milano: joined with identifiers [license:f276…bc2d, xbl:2535…3896, live:1055…2455, discord:7954…1838, fivem:5469982, license2:f2c0…65e9]
[5:38:31 PM] [ihJaH#3] Ryan Milano: enabled noclip
[5:39:08 PM] [ihJaH#3] Ryan Milano: disconnected (Exiting)
[5:43:12 PM] [ihJaH#4] Ryan Milano: joined with identifiers [license:f276…bc2d, xbl:2535…3896, live:1055…2455, discord:7954…1838, fivem:5469982, license2:f2c0…65e9]
[5:43:47 PM] [ihJaH#4] Ryan Milano: enabled noclip
[5:44:20 PM] [ihJaH#4] Ryan Milano: disconnected (Exiting)
[5:46:37 PM] txAdmin: Logger started
[5:46:42 PM] [FNmTi#1] Ryan Milano: joined with identifiers [license:f276…bc2d, xbl:2535…3896, live:1055…2455, discord:7954…1838, fivem:5469982, license2:f2c0…65e9]
[5:47:14 PM] [FNmTi#1] Ryan Milano: enabled noclip
[5:47:17 PM] [FNmTi#1] Ryan Milano: became mortal (standard mode)
[5:47:17 PM] [FNmTi#1] Ryan Milano: enabled noclip
[5:47:18 PM] [FNmTi#1] Ryan Milano: became mortal (standard mode)
[5:51:50 PM] [FNmTi#1] Ryan Milano: disconnected (Exiting)
================================================================
======== txAdmin v8.0.1 atop fxserver 21703 Starting - 11/1/2025, 10:40:03 PM
================================================================
[10:40:11 PM] txAdmin: Logger started
[10:43:09 PM] [zcKqj#1] Blazer: joined with identifiers [license:f625…7cbe, discord:9077…0047, fivem:4935569, license2:e54e…a84f]
[10:43:51 PM] [zcKqj#1] Blazer: enabled noclip
[10:43:51 PM] [zcKqj#1] Blazer: became mortal (standard mode)
[10:51:46 PM] [zcKqj#1] Blazer: enabled noclip
[10:51:56 PM] [zcKqj#1] Blazer: became mortal (standard mode)
[10:56:40 PM] [zcKqj#1] Blazer: repaired their vehicle
[10:56:50 PM] [zcKqj#1] Blazer: boosted their vehicle
[10:57:09 PM] [zcKqj#1] Blazer: boosted their vehicle
[11:05:17 PM] [zcKqj#1] Blazer: caused an explosion (CAR)
[11:05:18 PM] [zcKqj#1] Blazer: caused an explosion (BIKE)
[11:10:52 PM] [zcKqj#1] Blazer: enabled noclip
[11:10:53 PM] [zcKqj#1] Blazer: became mortal (standard mode)
[11:12:37 PM] [zcKqj#1] Blazer: teleported to a waypoint
[11:42:57 PM] [zcKqj#1] Blazer: said "/engine"
