================================================================
======== Log Rotated - 11/2/2025, 12:00:00 AM                   
================================================================
[12:09:06 AM] [zcKqj#1] Blazer: disconnected (Exiting)
[12:42:28 AM] txAdmin: Logger started
[12:43:58 AM] [rixiU#1] Ryan Milano: joined with identifiers [license:f276…bc2d, xbl:2535…3896, live:1055…2455, discord:7954…1838, fivem:5469982, license2:f2c0…65e9]
[12:44:42 AM] [rixiU#1] Ryan Milano: enabled noclip
[12:46:19 AM] [rixiU#1] Ryan Milano: became mortal (standard mode)
[12:47:26 AM] [rixiU#1] Ryan Milano: disconnected (Exiting)
================================================================
======== txAdmin v8.0.1 atop fxserver 21703 Starting - 11/2/2025, 12:54:31 PM
================================================================
[12:54:39 PM] txAdmin: Logger started
[12:54:46 PM] [DkYx7#1] Blazer: joined with identifiers [license:f625…7cbe, discord:9077…0047, fivem:4935569, license2:e54e…a84f]
[12:56:21 PM] [DkYx7#1] Blazer: enabled noclip
[12:58:19 PM] [DkYx7#1] Blazer: became mortal (standard mode)
[12:58:35 PM] [DkYx7#1] Blazer: disconnected (Exiting)
================================================================
======== txAdmin v8.0.1 atop fxserver 21703 Starting - 11/2/2025, 1:30:43 PM
================================================================
[1:30:52 PM] txAdmin: Logger started
[1:30:58 PM] [XczFg#1] Blazer: joined with identifiers [license:f625…7cbe, discord:9077…0047, fivem:4935569, license2:e54e…a84f]
[1:33:41 PM] [XczFg#1] Blazer: disconnected (Exiting)
================================================================
======== txAdmin v8.0.1 atop fxserver 21703 Starting - 11/2/2025, 1:40:48 PM
================================================================
[1:40:57 PM] txAdmin: Logger started
[1:41:23 PM] [tXyci#1] Blazer: joined with identifiers [license:f625…7cbe, discord:9077…0047, fivem:4935569, license2:e54e…a84f]
[1:44:35 PM] [tXyci#1] Blazer: spawned a vehicle (model: c324gresley)
[1:47:59 PM] [tXyci#1] Blazer: deleted a vehicle
================================================================
======== txAdmin v8.0.1 atop fxserver 21703 Starting - 11/2/2025, 2:18:46 PM
================================================================
[2:18:54 PM] txAdmin: Logger started
