================================================================
======== txAdmin v8.0.1 atop fxserver 21703 Starting - 10/31/2025, 5:48:08 PM
================================================================
[5:51:42 PM] txAdmin: Logger started
[5:54:11 PM] txAdmin: Logger started
[5:54:48 PM] [nVKha#1] Ryan Milano: joined with identifiers [license:f276…bc2d, xbl:2535…3896, live:1055…2455, discord:7954…1838, fivem:5469982, license2:f2c0…65e9]
[5:57:13 PM] [nVKha#1] Ryan Milano: disconnected (Exiting)
[5:59:58 PM] txAdmin: Logger started
[6:08:33 PM] txAdmin: Logger started
[6:09:48 PM] [zwLG6#1] Ryan Milano: joined with identifiers [license:f276…bc2d, xbl:2535…3896, live:1055…2455, discord:7954…1838, fivem:5469982, license2:f2c0…65e9]
[6:10:25 PM] [zwLG6#1] Ryan Milano: enabled noclip
[6:10:27 PM] [zwLG6#1] Ryan Milano: became mortal (standard mode)
[6:10:29 PM] [zwLG6#1] Ryan Milano: enabled noclip
[6:10:34 PM] [zwLG6#1] Ryan Milano: became mortal (standard mode)
[6:14:48 PM] txAdmin: Logger started
[6:20:54 PM] txAdmin: Logger started
[6:21:59 PM] [gCzNQ#1] Blazer: joined with identifiers [license:f625…7cbe, discord:9077…0047, fivem:4935569, license2:e54e…a84f]
[6:23:56 PM] [gCzNQ#1] Blazer: disconnected (Exiting)
[6:24:07 PM] [gCzNQ#2] Ryan Milano: joined with identifiers [license:f276…bc2d, xbl:2535…3896, live:1055…2455, discord:7954…1838, fivem:5469982, license2:f2c0…65e9]
[6:24:44 PM] [gCzNQ#2] Ryan Milano: enabled noclip
[6:24:49 PM] [gCzNQ#2] Ryan Milano: became mortal (standard mode)
[6:25:50 PM] [gCzNQ#2] Ryan Milano: spawned a vehicle (model: vd_buffalo4h)
[6:26:22 PM] [gCzNQ#2] Ryan Milano: disconnected (Exiting)
[9:38:05 PM] txAdmin: Logger started
[9:40:19 PM] [R48eg#1] Ryan Milano: joined with identifiers [license:f276…bc2d, xbl:2535…3896, live:1055…2455, discord:7954…1838, fivem:5469982, license2:f2c0…65e9]
[9:42:30 PM] [R48eg#1] Ryan Milano: disconnected (Exiting)
[9:42:33 PM] [R48eg#2] Blazer: joined with identifiers [license:f625…7cbe, discord:9077…0047, fivem:4935569, license2:e54e…a84f]
[9:43:40 PM] [R48eg#2] Blazer: enabled noclip
[9:43:41 PM] [R48eg#2] Blazer: became mortal (standard mode)
[9:44:16 PM] [R48eg#2] Blazer: spawned a vehicle (model: gstsug1)
[9:45:23 PM] [R48eg#2] Blazer: spawned a vehicle (model: gstsadlt1)
[9:46:16 PM] [R48eg#2] Blazer: spawned a vehicle (model: gstsadlt1b)
[9:46:49 PM] [R48eg#2] Blazer: spawned a vehicle (model: gstsadlt1c)
[9:47:26 PM] [R48eg#2] Blazer: spawned a vehicle (model: gstsadlt1d)
[9:49:06 PM] [R48eg#2] Blazer: spawned a vehicle (model: rrdominators197)
[9:50:10 PM] [R48eg#2] Blazer: spawned a vehicle (model: rrcoquette6r)
[9:50:55 PM] [R48eg#2] Blazer: enabled noclip
[9:52:25 PM] [R48eg#2] Blazer: became mortal (standard mode)
[9:54:24 PM] [R48eg#3] Ryan Milano: joined with identifiers [license:f276…bc2d, xbl:2535…3896, live:1055…2455, discord:7954…1838, fivem:5469982, license2:f2c0…65e9]
[9:55:05 PM] [R48eg#2] Blazer: enabled noclip
[9:55:12 PM] [R48eg#3] Ryan Milano: teleported to player [#2] Blazer (x=-612.396, y=-462.870, z=57.048)
[9:55:19 PM] [R48eg#3] Ryan Milano: enabled noclip
[9:55:20 PM] [R48eg#2] Blazer: became mortal (standard mode)
[9:55:21 PM] [R48eg#3] Ryan Milano: became mortal (standard mode)
[9:55:31 PM] [R48eg#3] Ryan Milano: teleported to player [#2] Blazer (x=-336.646, y=-136.654, z=38.682)
[9:56:53 PM] [R48eg#3] Ryan Milano: started spectating player [#2] Blazer
[9:57:00 PM] [R48eg#3] Ryan Milano: enabled noclip
[9:57:00 PM] [R48eg#3] Ryan Milano: became mortal (standard mode)
[9:57:05 PM] [R48eg#3] Ryan Milano: enabled noclip
[9:57:08 PM] [R48eg#3] Ryan Milano: became mortal (standard mode)
[9:57:17 PM] [R48eg#3] Ryan Milano: started spectating player [#2] Blazer
[9:58:08 PM] [R48eg#2] Blazer: enabled noclip
[9:58:34 PM] [R48eg#2] Blazer: became mortal (standard mode)
[9:59:30 PM] [R48eg#2] Blazer: enabled noclip
[9:59:30 PM] [R48eg#2] Blazer: became mortal (standard mode)
[9:59:37 PM] [R48eg#3] Ryan Milano: disconnected (Exiting)
[10:07:34 PM] txAdmin: ((Broadcast) zap1339023): said "gotta restart"
[10:07:57 PM] txAdmin: Logger started
[10:08:37 PM] [3DmTG#1] Blazer: joined with identifiers [license:f625…7cbe, discord:9077…0047, fivem:4935569, license2:e54e…a84f]
[10:08:41 PM] [3DmTG#2] Ryan Milano: joined with identifiers [license:f276…bc2d, xbl:2535…3896, live:1055…2455, discord:7954…1838, fivem:5469982, license2:f2c0…65e9]
[10:08:54 PM] [3DmTG#1] Blazer: disconnected (Server->client connection timed out. Last seen 116 msec ago.)
[10:09:29 PM] [3DmTG#2] Ryan Milano: healed themself
[10:09:29 PM] [3DmTG#3] Blazer: joined with identifiers [license:f625…7cbe, discord:9077…0047, fivem:4935569, license2:e54e…a84f]
[10:09:31 PM] [3DmTG#2] Ryan Milano: healed themself
[10:11:16 PM] [3DmTG#2] Ryan Milano: disconnected (Exiting)
[10:18:03 PM] [3DmTG#3] Blazer: spawned a vehicle (model: f620)
[10:18:08 PM] [3DmTG#3] Blazer: deleted a vehicle
[10:18:12 PM] [3DmTG#3] Blazer: spawned a vehicle (model: volatus)
[10:19:23 PM] [3DmTG#3] Blazer: deleted a vehicle
[10:22:46 PM] [3DmTG#3] Blazer: teleported to a waypoint
[10:22:55 PM] [3DmTG#3] Blazer: spawned a vehicle (model: poldominator10)
================================================================
======== txAdmin v8.0.1 atop fxserver 21703 Starting - 10/31/2025, 10:24:48 PM
================================================================
[10:24:56 PM] txAdmin: Logger started
[10:27:15 PM] txAdmin: Logger started
[10:27:24 PM] [yJgYR#1] Ryan Milano: joined with identifiers [license:f276…bc2d, xbl:2535…3896, live:1055…2455, discord:7954…1838, fivem:5469982, license2:f2c0…65e9]
[10:27:30 PM] [yJgYR#1] Ryan Milano: disconnected (Exiting)
[10:38:20 PM] txAdmin: Logger started
[10:39:44 PM] [NDiBP#1] Ryan Milano: joined with identifiers [license:f276…bc2d, xbl:2535…3896, live:1055…2455, discord:7954…1838, fivem:5469982, license2:f2c0…65e9]
[10:39:50 PM] [NDiBP#1] Ryan Milano: disconnected (Exiting)
[10:40:22 PM] txAdmin: Logger started
[10:40:50 PM] [NYja8#1] Ryan Milano: joined with identifiers [license:f276…bc2d, xbl:2535…3896, live:1055…2455, discord:7954…1838, fivem:5469982, license2:f2c0…65e9]
[10:40:54 PM] [NYja8#1] Ryan Milano: disconnected (Exiting)
[10:52:56 PM] txAdmin: Logger started
[10:53:21 PM] [tETg9#1] Ryan Milano: joined with identifiers [license:f276…bc2d, xbl:2535…3896, live:1055…2455, discord:7954…1838, fivem:5469982, license2:f2c0…65e9]
[10:53:25 PM] [tETg9#1] Ryan Milano: disconnected (Exiting)
[11:23:59 PM] txAdmin: Logger started
[11:24:38 PM] [WN3GK#1] Ryan Milano: joined with identifiers [license:f276…bc2d, xbl:2535…3896, live:1055…2455, discord:7954…1838, fivem:5469982, license2:f2c0…65e9]
[11:25:45 PM] [WN3GK#1] Ryan Milano: enabled noclip
[11:25:49 PM] [WN3GK#1] Ryan Milano: became mortal (standard mode)
[11:25:54 PM] [WN3GK#1] Ryan Milano: healed themself
[11:27:14 PM] [WN3GK#1] Ryan Milano: enabled noclip
[11:31:14 PM] [WN3GK#1] Ryan Milano: disconnected (Exiting)
[11:33:52 PM] txAdmin: Logger started
[11:34:57 PM] txAdmin: Logger started
[11:35:08 PM] [yN9UD#1] Ryan Milano: joined with identifiers [license:f276…bc2d, xbl:2535…3896, live:1055…2455, discord:7954…1838, fivem:5469982, license2:f2c0…65e9]
[11:36:11 PM] [yN9UD#1] Ryan Milano: enabled noclip
[11:38:04 PM] [yN9UD#1] Ryan Milano: became mortal (standard mode)
[11:39:25 PM] [yN9UD#1] Ryan Milano: disconnected (Exiting)
[11:43:48 PM] [yN9UD#2] Ryan Milano: joined with identifiers [license:f276…bc2d, xbl:2535…3896, live:1055…2455, discord:7954…1838, fivem:5469982, license2:f2c0…65e9]
[11:44:57 PM] [yN9UD#2] Ryan Milano: enabled noclip
[11:45:02 PM] [yN9UD#2] Ryan Milano: became mortal (standard mode)
[11:46:45 PM] [yN9UD#2] Ryan Milano: spawned a vehicle (model: rrcoquette6r)
[11:47:21 PM] [yN9UD#2] Ryan Milano: enabled noclip
[11:48:27 PM] [yN9UD#2] Ryan Milano: became mortal (standard mode)
[11:50:41 PM] [yN9UD#2] Ryan Milano: deleted a vehicle
[11:53:07 PM] [yN9UD#2] Ryan Milano: spawned a vehicle (model: rrcoquette6r)
[11:55:36 PM] [yN9UD#2] Ryan Milano: spawned a vehicle (model: rrcoquette6r)
[11:56:21 PM] [yN9UD#2] Ryan Milano: disconnected (Exiting)
